2024-06-12T17:25:35  refactor: simplify helper
2024-06-27T12:42:42  chore: routine maintenance
2024-07-19T19:59:49  docs: clarify usage notes
2024-08-28T14:16:56  test: add edge case
2024-09-19T09:33:03  refactor: tidy internals
2024-10-05T16:50:10  fix: handle empty input gracefully
2024-10-27T11:07:17  perf: micro-optimization
2024-11-19T18:24:24  style: formatting
2024-12-28T13:41:31  chore: bump dev tooling
2025-01-20T08:58:38  docs: expand examples
2025-02-04T15:15:45  test: strengthen coverage
2025-02-27T10:32:52  chore: tune defaults
2025-03-21T17:49:59  refactor: simplify helper
2025-04-30T12:06:06  chore: routine maintenance
2025-05-22T19:23:13  docs: clarify usage notes
2025-06-07T14:40:20  test: add edge case
2025-06-29T09:57:27  refactor: tidy internals
2025-07-21T16:14:34  fix: handle empty input gracefully
2025-08-30T11:31:41  perf: micro-optimization
2025-09-21T18:48:48  style: formatting
2025-10-07T13:05:55  chore: bump dev tooling
2025-10-29T08:22:02  docs: expand examples
2025-12-08T15:39:09  test: strengthen coverage
2025-12-30T10:56:16  chore: tune defaults
2026-01-22T17:13:23  refactor: simplify helper
